<component name="libraryTable">
  <library name="junit-4.10">
    <CLASSES>
<<<<<<< HEAD
      <root url="jar://$PROJECT_DIR$/../../../å®‰è£…åŒ…/junit-4.10.jar!/" />
=======
      <root url="jar://$USER_HOME$/Downloads/junit-4.10.jar!/" />
>>>>>>> b459e05b17b4383dd709b22d607448496677074d
    </CLASSES>
    <JAVADOC />
    <SOURCES />
  </library>
</component>